
[Log Startup at 17:32:40]
2024-04-01 17:32:40.711 (Info) EventServer.StartService - Starting ClientServices...
2024-04-01 17:32:40.727 (Info) EventService.Initialize - Event Service Initialized...
2024-04-01 17:32:40.727 (Info) EventService.Start - Event Service Thread created...
2024-04-01 17:32:40.727 (Info) EventServer.StartService - Create new event listener on server...
2024-04-01 17:32:40.727 (Info) EventServer.StartService.ThreadStart - Starting event listener thread...
2024-04-01 17:32:40.727 (Info) EventServer.StartService.ListenerThread - Event Listener Thread Started successfully.
2024-04-01 17:32:40.727 (Info) EventServer.Listener.Start - Starting listener...
2024-04-01 17:32:40.727 (Info) EventServer.Listener - Server started on port 9101

[Log Startup at 17:32:53]
2024-04-01 17:32:53.261 (Info) EventServer.StartService - Starting ClientServices...
2024-04-01 17:32:53.266 (Info) EventService.Initialize - Event Service Initialized...
2024-04-01 17:32:53.266 (Info) EventService.Start - Event Service Thread created...
2024-04-01 17:32:53.266 (Info) EventServer.StartService - Create new event listener on server...
2024-04-01 17:32:53.294 (Info) EventServer.StartService.ThreadStart - Starting event listener thread...
2024-04-01 17:32:53.294 (Info) EventServer.StartService.ListenerThread - Event Listener Thread Started successfully.
2024-04-01 17:32:53.296 (Info) EventServer.Listener.Start - Starting listener...
2024-04-01 17:32:53.298 (Info) EventServer.Listener - Server started on port 9101

[Log Startup at 17:33:34]
2024-04-01 17:33:34.737 (Info) EventServer.StartService - Starting ClientServices...
2024-04-01 17:33:34.740 (Info) EventService.Initialize - Event Service Initialized...
2024-04-01 17:33:34.741 (Info) EventService.Start - Event Service Thread created...
2024-04-01 17:33:34.741 (Info) EventServer.StartService - Create new event listener on server...
2024-04-01 17:33:34.746 (Info) EventServer.StartService.ThreadStart - Starting event listener thread...
2024-04-01 17:33:34.747 (Info) EventServer.StartService.ListenerThread - Event Listener Thread Started successfully.
2024-04-01 17:33:34.748 (Info) EventServer.Listener.Start - Starting listener...
2024-04-01 17:33:34.750 (Info) EventServer.Listener - Server started on port 9101
