
[Log Startup at 17:32:40]
2024-04-01 17:32:40.842 (Info) Server.StartService - SILSocketServer, Ver=1.0.0 Build 0
2024-04-01 17:32:40.958 (Info) Server.StartService - Starting ClientServices...
2024-04-01 17:32:41.059 (Info) ClientService.Initialize - Client service pool created for 500 threads.
2024-04-01 17:32:43.950 (Info) ClientService.Start - Client threads on server: 500.
2024-04-01 17:32:44.066 (Info) Server.StartService - Create new listener on server...
2024-04-01 17:32:44.166 (Info) Server.StartService.ThreadStart - Starting listener thread...
2024-04-01 17:32:44.282 (Info) Server.StartService.ListenerThread - Listener Thread Started successfully on port 9100.
2024-04-01 17:32:44.382 (Info) Server.Listener.Start - Starting listener...
2024-04-01 17:32:44.499 (Info) Server.Listener - Server started on port 9100

[Log Startup at 17:32:53]
2024-04-01 17:32:53.394 (Info) Server.StartService - SILSocketServer, Ver=1.0.0 Build 0
2024-04-01 17:32:53.507 (Info) Server.StartService - Starting ClientServices...
2024-04-01 17:32:53.607 (Info) ClientService.Initialize - Client service pool created for 5000 threads.

[Log Startup at 17:33:34]
2024-04-01 17:33:34.845 (Info) Server.StartService - SILSocketServer, Ver=1.0.0 Build 0
2024-04-01 17:33:34.947 (Info) Server.StartService - Starting ClientServices...
2024-04-01 17:33:35.050 (Info) ClientService.Initialize - Client service pool created for 500 threads.
2024-04-01 17:33:37.404 (Info) ClientService.Start - Client threads on server: 500.
2024-04-01 17:33:37.514 (Info) Server.StartService - Create new listener on server...
2024-04-01 17:33:37.623 (Info) Server.StartService.ThreadStart - Starting listener thread...
2024-04-01 17:33:37.730 (Info) Server.StartService.ListenerThread - Listener Thread Started successfully on port 9100.
2024-04-01 17:33:37.840 (Info) Server.Listener.Start - Starting listener...
2024-04-01 17:33:37.950 (Info) Server.Listener - Server started on port 9100
